2022-11-05 09:57:41,047 [INFO] Activator:177 - 


2022-11-05 09:57:41,049 [INFO] Activator:178 - !SESSION log4j initialized
2022-11-05 09:58:12,226 [INFO] McuFinderGlobals:39 - Set McuFinder mode to 2 (CubeIDE integrated)
2022-11-05 09:58:12,716 [INFO] ApplicationProperties:181 - Using Application install path: D:\STM32\STM32CubeIDE_1.7.0\STM32CubeIDE\plugins\com.st.stm32cube.common.mx_6.3.0.202107141111
2022-11-05 09:58:12,732 [INFO] DbMcusXml:74 - Set database path to: D:\STM32\STM32CubeIDE_1.7.0\STM32CubeIDE\plugins\com.st.stm32cube.common.mx_6.3.0.202107141111\\db\/mcu/
2022-11-05 09:58:12,737 [INFO] DbBoardsPdsc:56 - Set plugin database path to: D:\STM32\STM32CubeIDE_1.7.0\STM32CubeIDE\plugins\com.st.stm32cube.common.mx_6.3.0.202107141111\\db\/plugins/boardmanager/
2022-11-05 09:58:12,738 [INFO] DbMcus:258 - Set plugin images path to: D:\STM32\STM32CubeIDE_1.7.0\STM32CubeIDE\plugins\com.st.stm32cube.common.mx_6.3.0.202107141111\\db\/plugins/mcufinder/images/
2022-11-05 09:58:12,738 [INFO] DbBoards:264 - Set plugin images path to: D:\STM32\STM32CubeIDE_1.7.0\STM32CubeIDE\plugins\com.st.stm32cube.common.mx_6.3.0.202107141111\\db\/plugins/mcufinder/images/
2022-11-05 09:58:12,741 [INFO] DbExamples:333 - Set plugin images path to: D:\STM32\STM32CubeIDE_1.7.0\STM32CubeIDE\plugins\com.st.stm32cube.common.mx_6.3.0.202107141111\\db\/plugins/mcufinder/images/
2022-11-05 09:58:12,778 [INFO] DbMcusAds:119 - Set database path to: C:\Users\Luong\.stmcufinder\plugins\mcufinder//mcu/
2022-11-05 09:58:12,779 [INFO] DbMcusDocs:110 - Set database path to: C:\Users\Luong\.stmcufinder\plugins\mcufinder//mcu/
2022-11-05 09:58:12,781 [INFO] DbMcusJson:64 - Set database path to: C:\Users\Luong\.stmcufinder\plugins\mcufinder//mcu/
2022-11-05 09:58:12,782 [INFO] DbBoardsDocs:110 - Set database path to: C:\Users\Luong\.stmcufinder\plugins\mcufinder//mcu/
2022-11-05 09:58:12,784 [INFO] DbBoardsJson:57 - Set database path to: C:\Users\Luong\.stmcufinder\plugins\mcufinder//mcu/
2022-11-05 09:58:13,330 [INFO] CrossReferenceDbSqlite:196 - Set database path to: C:\Users\Luong\.stmcufinder\plugins\mcufinder//mcu/cs/
2022-11-05 09:58:13,340 [INFO] DbExamplesSqlite:767 - Set database path to: C:\Users\Luong\.stmcufinder\plugins\mcufinder//mcu/
2022-11-05 09:58:13,487 [INFO] RulesReader:57 - Compatibility file has been processed (242 Rules)
2022-11-05 09:58:13,598 [INFO] DbMcusXml:74 - Set database path to: D:\STM32\STM32CubeIDE_1.7.0\STM32CubeIDE\plugins\com.st.stm32cube.common.mx_6.3.0.202107141111\\db\/mcu/
2022-11-05 09:58:13,599 [INFO] DbBoardsPdsc:56 - Set plugin database path to: D:\STM32\STM32CubeIDE_1.7.0\STM32CubeIDE\plugins\com.st.stm32cube.common.mx_6.3.0.202107141111\\db\/plugins/boardmanager/
2022-11-05 09:58:13,600 [INFO] DbMcus:258 - Set plugin images path to: D:\STM32\STM32CubeIDE_1.7.0\STM32CubeIDE\plugins\com.st.stm32cube.common.mx_6.3.0.202107141111\\db\/plugins/mcufinder/images/
2022-11-05 09:58:13,600 [INFO] DbBoards:264 - Set plugin images path to: D:\STM32\STM32CubeIDE_1.7.0\STM32CubeIDE\plugins\com.st.stm32cube.common.mx_6.3.0.202107141111\\db\/plugins/mcufinder/images/
2022-11-05 09:58:13,600 [INFO] DbExamples:333 - Set plugin images path to: D:\STM32\STM32CubeIDE_1.7.0\STM32CubeIDE\plugins\com.st.stm32cube.common.mx_6.3.0.202107141111\\db\/plugins/mcufinder/images/
2022-11-05 09:58:13,600 [WARN] DbFile:35 - Overriding database path with different value: C:\Users\Luong\.stmcufinder\plugins\mcufinder/ => C:\Users\Luong\.stmcufinder\plugins\mcufinder
2022-11-05 09:58:13,600 [INFO] DbMcusAds:119 - Set database path to: C:\Users\Luong\.stmcufinder\plugins\mcufinder//mcu/
2022-11-05 09:58:13,600 [WARN] DbFile:35 - Overriding database path with different value: C:\Users\Luong\.stmcufinder\plugins\mcufinder/ => C:\Users\Luong\.stmcufinder\plugins\mcufinder
2022-11-05 09:58:13,600 [INFO] DbMcusDocs:110 - Set database path to: C:\Users\Luong\.stmcufinder\plugins\mcufinder//mcu/
2022-11-05 09:58:13,600 [WARN] DbFile:35 - Overriding database path with different value: C:\Users\Luong\.stmcufinder\plugins\mcufinder/ => C:\Users\Luong\.stmcufinder\plugins\mcufinder
2022-11-05 09:58:13,601 [INFO] DbMcusJson:64 - Set database path to: C:\Users\Luong\.stmcufinder\plugins\mcufinder//mcu/
2022-11-05 09:58:13,601 [WARN] DbFile:35 - Overriding database path with different value: C:\Users\Luong\.stmcufinder\plugins\mcufinder/ => C:\Users\Luong\.stmcufinder\plugins\mcufinder
2022-11-05 09:58:13,601 [INFO] DbBoardsDocs:110 - Set database path to: C:\Users\Luong\.stmcufinder\plugins\mcufinder//mcu/
2022-11-05 09:58:13,601 [WARN] DbFile:35 - Overriding database path with different value: C:\Users\Luong\.stmcufinder\plugins\mcufinder/ => C:\Users\Luong\.stmcufinder\plugins\mcufinder
2022-11-05 09:58:13,601 [INFO] DbBoardsJson:57 - Set database path to: C:\Users\Luong\.stmcufinder\plugins\mcufinder//mcu/
2022-11-05 09:58:13,601 [WARN] DbFile:35 - Overriding database path with different value: C:\Users\Luong\.stmcufinder\plugins\mcufinder/ => C:\Users\Luong\.stmcufinder\plugins\mcufinder
2022-11-05 09:58:13,601 [WARN] DbFile:35 - Overriding database path with different value: C:\Users\Luong\.stmcufinder\plugins\mcufinder/ => C:\Users\Luong\.stmcufinder\plugins\mcufinder
2022-11-05 09:58:14,333 [INFO] CrossReferenceDbSqlite:196 - Set database path to: C:\Users\Luong\.stmcufinder\plugins\mcufinder//mcu/cs/
2022-11-05 09:58:14,333 [WARN] DbFile:35 - Overriding database path with different value: C:\Users\Luong\.stmcufinder\plugins\mcufinder/ => C:\Users\Luong\.stmcufinder\plugins\mcufinder
2022-11-05 09:58:14,334 [INFO] DbExamplesSqlite:767 - Set database path to: C:\Users\Luong\.stmcufinder\plugins\mcufinder//mcu/
2022-11-05 09:58:14,474 [INFO] MainPanel:214 - HeapMemory: 268435456
2022-11-05 09:58:14,584 [INFO] DbMcusXml:74 - Set database path to: D:\STM32\STM32CubeIDE_1.7.0\STM32CubeIDE\plugins\com.st.stm32cube.common.mx_6.3.0.202107141111\\db\/mcu/
2022-11-05 09:58:14,585 [INFO] DbBoardsPdsc:56 - Set plugin database path to: D:\STM32\STM32CubeIDE_1.7.0\STM32CubeIDE\plugins\com.st.stm32cube.common.mx_6.3.0.202107141111\\db\/plugins/boardmanager/
2022-11-05 09:58:14,585 [INFO] DbMcus:258 - Set plugin images path to: D:\STM32\STM32CubeIDE_1.7.0\STM32CubeIDE\plugins\com.st.stm32cube.common.mx_6.3.0.202107141111\\db\/plugins/mcufinder/images/
2022-11-05 09:58:14,585 [INFO] DbBoards:264 - Set plugin images path to: D:\STM32\STM32CubeIDE_1.7.0\STM32CubeIDE\plugins\com.st.stm32cube.common.mx_6.3.0.202107141111\\db\/plugins/mcufinder/images/
2022-11-05 09:58:14,585 [INFO] DbExamples:333 - Set plugin images path to: D:\STM32\STM32CubeIDE_1.7.0\STM32CubeIDE\plugins\com.st.stm32cube.common.mx_6.3.0.202107141111\\db\/plugins/mcufinder/images/
2022-11-05 09:58:14,586 [WARN] DbFile:35 - Overriding database path with different value: C:\Users\Luong\.stmcufinder\plugins\mcufinder/ => C:\Users\Luong\.stmcufinder\plugins\mcufinder
2022-11-05 09:58:14,586 [INFO] DbMcusAds:119 - Set database path to: C:\Users\Luong\.stmcufinder\plugins\mcufinder//mcu/
2022-11-05 09:58:14,586 [WARN] DbFile:35 - Overriding database path with different value: C:\Users\Luong\.stmcufinder\plugins\mcufinder/ => C:\Users\Luong\.stmcufinder\plugins\mcufinder
2022-11-05 09:58:14,586 [INFO] DbMcusDocs:110 - Set database path to: C:\Users\Luong\.stmcufinder\plugins\mcufinder//mcu/
2022-11-05 09:58:14,586 [WARN] DbFile:35 - Overriding database path with different value: C:\Users\Luong\.stmcufinder\plugins\mcufinder/ => C:\Users\Luong\.stmcufinder\plugins\mcufinder
2022-11-05 09:58:14,586 [INFO] DbMcusJson:64 - Set database path to: C:\Users\Luong\.stmcufinder\plugins\mcufinder//mcu/
2022-11-05 09:58:14,586 [WARN] DbFile:35 - Overriding database path with different value: C:\Users\Luong\.stmcufinder\plugins\mcufinder/ => C:\Users\Luong\.stmcufinder\plugins\mcufinder
2022-11-05 09:58:14,587 [INFO] DbBoardsDocs:110 - Set database path to: C:\Users\Luong\.stmcufinder\plugins\mcufinder//mcu/
2022-11-05 09:58:14,587 [WARN] DbFile:35 - Overriding database path with different value: C:\Users\Luong\.stmcufinder\plugins\mcufinder/ => C:\Users\Luong\.stmcufinder\plugins\mcufinder
2022-11-05 09:58:14,587 [INFO] DbBoardsJson:57 - Set database path to: C:\Users\Luong\.stmcufinder\plugins\mcufinder//mcu/
2022-11-05 09:58:14,587 [WARN] DbFile:35 - Overriding database path with different value: C:\Users\Luong\.stmcufinder\plugins\mcufinder/ => C:\Users\Luong\.stmcufinder\plugins\mcufinder
2022-11-05 09:58:14,587 [WARN] DbFile:35 - Overriding database path with different value: C:\Users\Luong\.stmcufinder\plugins\mcufinder/ => C:\Users\Luong\.stmcufinder\plugins\mcufinder
2022-11-05 09:58:15,325 [INFO] CrossReferenceDbSqlite:196 - Set database path to: C:\Users\Luong\.stmcufinder\plugins\mcufinder//mcu/cs/
2022-11-05 09:58:15,325 [WARN] DbFile:35 - Overriding database path with different value: C:\Users\Luong\.stmcufinder\plugins\mcufinder/ => C:\Users\Luong\.stmcufinder\plugins\mcufinder
2022-11-05 09:58:15,325 [INFO] DbExamplesSqlite:767 - Set database path to: C:\Users\Luong\.stmcufinder\plugins\mcufinder//mcu/
2022-11-05 09:58:15,352 [INFO] ApplicationProperties:181 - Using Application install path: D:\STM32\STM32CubeIDE_1.7.0\STM32CubeIDE\plugins\com.st.stm32cube.common.mx_6.3.0.202107141111
2022-11-05 09:58:15,352 [INFO] PluginManage:188 - Search for loadable plugins [exclusion list=, ]
2022-11-05 09:58:15,352 [INFO] PluginManage:302 - Check plugin analytics
2022-11-05 09:58:16,425 [INFO] AnalyticsPlugin:257 - Accepted Software Licenses: 
2022-11-05 09:58:16,426 [INFO] AnalyticsPlugin:259 - Accepted CMSIS Pack Licenses: 
2022-11-05 09:58:16,426 [INFO] AnalyticsPlugin:261 - Accepted Firmware Licenses: 
2022-11-05 09:58:16,426 [INFO] PluginManage:352 - Loaded plugin analytics (category:tool,tabindex:-1)
2022-11-05 09:58:16,426 [INFO] PluginManage:302 - Check plugin clock
2022-11-05 09:58:16,452 [INFO] PluginManage:352 - Loaded plugin clock (category:base,tabindex:2)
2022-11-05 09:58:16,452 [INFO] PluginManage:302 - Check plugin ddr
2022-11-05 09:58:16,456 [INFO] PluginManage:352 - Loaded plugin ddr (category:tool,tabindex:6)
2022-11-05 09:58:16,456 [INFO] PluginManage:302 - Check plugin filemanager
2022-11-05 09:58:16,613 [INFO] PluginManage:352 - Loaded plugin filemanager (category:base,tabindex:10)
2022-11-05 09:58:16,613 [INFO] PluginManage:302 - Check plugin ipmanager
2022-11-05 09:58:16,623 [INFO] PluginManage:352 - Loaded plugin ipmanager (category:base,tabindex:5)
2022-11-05 09:58:16,623 [INFO] PluginManage:302 - Check plugin pinoutandconfiguration
2022-11-05 09:58:16,640 [INFO] PluginManage:352 - Loaded plugin pinoutandconfiguration (category:base,tabindex:1)
2022-11-05 09:58:16,641 [INFO] PluginManage:302 - Check plugin pinoutconfig
2022-11-05 09:58:16,679 [INFO] PluginManage:352 - Loaded plugin pinoutconfig (category:base,tabindex:0)
2022-11-05 09:58:16,679 [INFO] PluginManage:302 - Check plugin power
2022-11-05 09:58:16,702 [INFO] PluginManage:352 - Loaded plugin power (category:power,tabindex:4)
2022-11-05 09:58:16,702 [INFO] PluginManage:302 - Check plugin projectmanager
2022-11-05 09:58:16,719 [INFO] PluginManage:352 - Loaded plugin projectmanager (category:projectmanager,tabindex:3)
2022-11-05 09:58:16,719 [INFO] PluginManage:302 - Check plugin thirdparty
2022-11-05 09:58:16,970 [WARN] IntegrityCheckThread:78 - waiting for thirdparty lock release [integrity check]
2022-11-05 09:58:16,970 [INFO] PluginManage:352 - Loaded plugin thirdparty (category:base,tabindex:-1)
2022-11-05 09:58:16,971 [INFO] IntegrityCheckThread:80 - entering critical section [integrity check]
2022-11-05 09:58:16,971 [INFO] PluginManage:302 - Check plugin tools
2022-11-05 09:58:16,971 [INFO] ThirdPartyUpdaterWithRetryManager:66 - Updater plugin not ready yet. [1/15]
2022-11-05 09:58:17,024 [INFO] PluginManage:352 - Loaded plugin tools (category:base,tabindex:7)
2022-11-05 09:58:17,025 [INFO] PluginManage:302 - Check plugin tutovideos
2022-11-05 09:58:17,302 [INFO] PluginManage:352 - Loaded plugin tutovideos (category:base,tabindex:-1)
2022-11-05 09:58:17,303 [INFO] PluginManage:302 - Check plugin updater
2022-11-05 09:58:17,316 [INFO] PluginManage:352 - Loaded plugin updater (category:base,tabindex:12)
2022-11-05 09:58:17,316 [INFO] PluginManage:275 - PluginManage : Loaded plugins [13]
2022-11-05 09:58:17,540 [INFO] PinOutPanel:1463 - setPackage(No Configuration,No Configuration)
2022-11-05 09:58:17,670 [INFO] IPUIPlugin:74 - create IPUIPlugin
2022-11-05 09:58:17,671 [INFO] PluginManager:213 - loadIPPluginJar : add adc
2022-11-05 09:58:17,710 [INFO] IPUIPlugin:74 - create IPUIPlugin
2022-11-05 09:58:17,710 [INFO] PluginManager:213 - loadIPPluginJar : add aes
2022-11-05 09:58:17,758 [INFO] IPUIPlugin:74 - create IPUIPlugin
2022-11-05 09:58:17,758 [INFO] PluginManager:213 - loadIPPluginJar : add can
2022-11-05 09:58:17,785 [INFO] IPUIPlugin:74 - create IPUIPlugin
2022-11-05 09:58:17,785 [INFO] PluginManager:213 - loadIPPluginJar : add comp
2022-11-05 09:58:17,818 [INFO] IPUIPlugin:74 - create IPUIPlugin
2022-11-05 09:58:17,819 [INFO] PluginManager:213 - loadIPPluginJar : add cryp
2022-11-05 09:58:17,853 [INFO] IPUIPlugin:74 - create IPUIPlugin
2022-11-05 09:58:17,853 [INFO] PluginManager:213 - loadIPPluginJar : add dfsdm
2022-11-05 09:58:17,867 [INFO] IPUIPlugin:74 - create IPUIPlugin
2022-11-05 09:58:17,868 [INFO] PluginManager:213 - loadIPPluginJar : add dma
2022-11-05 09:58:17,912 [INFO] IPUIPlugin:74 - create IPUIPlugin
2022-11-05 09:58:17,913 [INFO] PluginManager:213 - loadIPPluginJar : add dma3
2022-11-05 09:58:17,938 [INFO] IPUIPlugin:74 - create IPUIPlugin
2022-11-05 09:58:17,938 [INFO] PluginManager:213 - loadIPPluginJar : add fatfs
2022-11-05 09:58:17,990 [INFO] IPUIPlugin:74 - create IPUIPlugin
2022-11-05 09:58:17,990 [INFO] PluginManager:213 - loadIPPluginJar : add fmc
2022-11-05 09:58:18,006 [INFO] IPUIPlugin:74 - create IPUIPlugin
2022-11-05 09:58:18,006 [INFO] PluginManager:213 - loadIPPluginJar : add freertos
2022-11-05 09:58:18,030 [INFO] IPUIPlugin:74 - create IPUIPlugin
2022-11-05 09:58:18,031 [INFO] PluginManager:213 - loadIPPluginJar : add genericplugin
2022-11-05 09:58:18,117 [INFO] IPUIPlugin:74 - create IPUIPlugin
2022-11-05 09:58:18,117 [INFO] PluginManager:213 - loadIPPluginJar : add gfxmmu
2022-11-05 09:58:18,241 [INFO] IPUIPlugin:74 - create IPUIPlugin
2022-11-05 09:58:18,241 [INFO] PluginManager:213 - loadIPPluginJar : add gic
2022-11-05 09:58:18,255 [INFO] IPUIPlugin:74 - create IPUIPlugin
2022-11-05 09:58:18,255 [INFO] PluginManager:213 - loadIPPluginJar : add gpio
2022-11-05 09:58:18,329 [INFO] IPUIPlugin:74 - create IPUIPlugin
2022-11-05 09:58:18,329 [INFO] PluginManager:213 - loadIPPluginJar : add gtzc
2022-11-05 09:58:18,362 [INFO] IPUIPlugin:74 - create IPUIPlugin
2022-11-05 09:58:18,362 [INFO] PluginManager:213 - loadIPPluginJar : add hash
2022-11-05 09:58:18,418 [INFO] IPUIPlugin:74 - create IPUIPlugin
2022-11-05 09:58:18,418 [INFO] PluginManager:213 - loadIPPluginJar : add i2c
2022-11-05 09:58:18,451 [INFO] IPUIPlugin:74 - create IPUIPlugin
2022-11-05 09:58:18,451 [INFO] PluginManager:213 - loadIPPluginJar : add i2s
2022-11-05 09:58:18,467 [INFO] IPUIPlugin:74 - create IPUIPlugin
2022-11-05 09:58:18,467 [INFO] PluginManager:213 - loadIPPluginJar : add ipddr
2022-11-05 09:58:18,571 [INFO] IPUIPlugin:74 - create IPUIPlugin
2022-11-05 09:58:18,571 [INFO] PluginManager:213 - loadIPPluginJar : add linkedlist
2022-11-05 09:58:18,612 [INFO] IPUIPlugin:74 - create IPUIPlugin
2022-11-05 09:58:18,613 [INFO] PluginManager:213 - loadIPPluginJar : add lorawan
2022-11-05 09:58:18,651 [INFO] IPUIPlugin:74 - create IPUIPlugin
2022-11-05 09:58:18,652 [INFO] PluginManager:213 - loadIPPluginJar : add ltdc
2022-11-05 09:58:18,666 [INFO] IPUIPlugin:74 - create IPUIPlugin
2022-11-05 09:58:18,666 [INFO] PluginManager:213 - loadIPPluginJar : add mdma
2022-11-05 09:58:18,679 [INFO] IPUIPlugin:74 - create IPUIPlugin
2022-11-05 09:58:18,680 [INFO] PluginManager:213 - loadIPPluginJar : add nvic
2022-11-05 09:58:18,719 [INFO] IPUIPlugin:74 - create IPUIPlugin
2022-11-05 09:58:18,719 [INFO] PluginManager:213 - loadIPPluginJar : add opamp
2022-11-05 09:58:18,790 [INFO] IPUIPlugin:74 - create IPUIPlugin
2022-11-05 09:58:18,790 [INFO] PluginManager:213 - loadIPPluginJar : add openamp
2022-11-05 09:58:18,842 [INFO] IPUIPlugin:74 - create IPUIPlugin
2022-11-05 09:58:18,842 [INFO] PluginManager:213 - loadIPPluginJar : add pdm2pcm
2022-11-05 09:58:18,860 [INFO] IPUIPlugin:74 - create IPUIPlugin
2022-11-05 09:58:18,864 [INFO] PluginManager:213 - loadIPPluginJar : add plateformsettings
2022-11-05 09:58:18,896 [INFO] IPUIPlugin:74 - create IPUIPlugin
2022-11-05 09:58:18,896 [INFO] PluginManager:213 - loadIPPluginJar : add quadspi
2022-11-05 09:58:18,910 [INFO] IPUIPlugin:74 - create IPUIPlugin
2022-11-05 09:58:18,910 [INFO] PluginManager:213 - loadIPPluginJar : add resmgrutility
2022-11-05 09:58:18,974 [INFO] IPUIPlugin:74 - create IPUIPlugin
2022-11-05 09:58:18,974 [INFO] PluginManager:213 - loadIPPluginJar : add sai
2022-11-05 09:58:19,020 [INFO] IPUIPlugin:74 - create IPUIPlugin
2022-11-05 09:58:19,021 [INFO] PluginManager:213 - loadIPPluginJar : add spi
2022-11-05 09:58:19,094 [INFO] IPUIPlugin:74 - create IPUIPlugin
2022-11-05 09:58:19,094 [INFO] PluginManager:213 - loadIPPluginJar : add stm32_wpan
2022-11-05 09:58:19,129 [INFO] IPUIPlugin:74 - create IPUIPlugin
2022-11-05 09:58:19,129 [INFO] PluginManager:213 - loadIPPluginJar : add tim
2022-11-05 09:58:19,248 [INFO] IPUIPlugin:74 - create IPUIPlugin
2022-11-05 09:58:19,248 [INFO] PluginManager:213 - loadIPPluginJar : add touchsensing
2022-11-05 09:58:19,290 [INFO] IPUIPlugin:74 - create IPUIPlugin
2022-11-05 09:58:19,290 [INFO] PluginManager:213 - loadIPPluginJar : add tracer_emb
2022-11-05 09:58:19,346 [INFO] IPUIPlugin:74 - create IPUIPlugin
2022-11-05 09:58:19,346 [INFO] PluginManager:213 - loadIPPluginJar : add ts
2022-11-05 09:58:19,384 [INFO] IPUIPlugin:74 - create IPUIPlugin
2022-11-05 09:58:19,384 [INFO] PluginManager:213 - loadIPPluginJar : add tsc
2022-11-05 09:58:19,420 [INFO] IPUIPlugin:74 - create IPUIPlugin
2022-11-05 09:58:19,421 [INFO] PluginManager:213 - loadIPPluginJar : add ucpd
2022-11-05 09:58:19,477 [INFO] IPUIPlugin:74 - create IPUIPlugin
2022-11-05 09:58:19,478 [INFO] PluginManager:213 - loadIPPluginJar : add usart
2022-11-05 09:58:19,527 [INFO] IPUIPlugin:74 - create IPUIPlugin
2022-11-05 09:58:19,528 [INFO] PluginManager:213 - loadIPPluginJar : add usbx
2022-11-05 09:58:19,904 [FATAL] Updater:294 - Updater called before beeing initialized
2022-11-05 09:58:19,983 [INFO] ThirdPartyUpdaterWithRetryManager:66 - Updater plugin not ready yet. [2/15]
2022-11-05 09:58:20,061 [FATAL] Updater:294 - Updater called before beeing initialized
2022-11-05 09:58:20,067 [INFO] DbMcusAds:47 - JSON generation date=Thu Sep 30 13:56:37 ICT 2021 (1632984997303)
2022-11-05 09:58:20,068 [FATAL] Updater:294 - Updater called before beeing initialized
2022-11-05 09:58:20,179 [WARN] DetailPanel:314 - Failed to get advertising image, set to default
2022-11-05 09:58:20,359 [FATAL] Updater:294 - Updater called before beeing initialized
2022-11-05 09:58:20,365 [FATAL] Updater:294 - Updater called before beeing initialized
2022-11-05 09:58:20,365 [FATAL] Updater:294 - Updater called before beeing initialized
2022-11-05 09:58:20,366 [WARN] DetailPanel:314 - Failed to get advertising image, set to default
2022-11-05 09:58:20,368 [FATAL] Updater:294 - Updater called before beeing initialized
2022-11-05 09:58:20,456 [ERROR] Updater:1075 - MainUpdater not yet initialized. External WinMGr cannot be set.
2022-11-05 09:58:20,469 [INFO] Updater:1012 - Updater Version found : 6.3.0
2022-11-05 09:58:20,499 [INFO] ApplicationProperties:181 - Using Application install path: D:\STM32\STM32CubeIDE_1.7.0\STM32CubeIDE\plugins\com.st.stm32cube.common.mx_6.3.0.202107141111
2022-11-05 09:58:20,921 [INFO] MainUpdater:2671 - connection check result : 10
2022-11-05 09:58:20,922 [INFO] MainUpdater:265 - Updater Check For Update Now.
2022-11-05 09:58:20,922 [INFO] MicroXplorer:478 - Change Database Version : DB.6.0.30
2022-11-05 09:58:21,243 [INFO] CheckServerUpdateThread:112 - End of CheckServer Thread
2022-11-05 09:58:21,350 [INFO] MainUpdater:2671 - connection check result : 10
2022-11-05 09:58:21,387 [INFO] McuFinderGlobals:52 - Set McuFinderConnectedMode to true
2022-11-05 09:58:21,911 [INFO] ServerAccessManage:362 - Download File mcusAds.json._tmp_
2022-11-05 09:58:22,025 [INFO] LoadUrlFilesThread:145 - End of LoadUrlFiles Thread
2022-11-05 09:58:22,994 [WARN] MainUpdater:1122 - Updater busy. Cannot search thirdparties
2022-11-05 09:58:22,994 [INFO] ThirdPartyUpdaterWithRetryManager:92 - Updater plugin is busy. [1/15]
2022-11-05 09:58:23,423 [INFO] ServerAccessManage:362 - Download File mcusDocs.json._tmp_
2022-11-05 09:58:24,377 [INFO] LoadUrlFilesThread:145 - End of LoadUrlFiles Thread
2022-11-05 09:58:24,715 [INFO] ServerAccessManage:362 - Download File mcusFeaturesAndDescription.json._tmp_
2022-11-05 09:58:25,998 [WARN] MainUpdater:1122 - Updater busy. Cannot search thirdparties
2022-11-05 09:58:25,998 [INFO] ThirdPartyUpdaterWithRetryManager:92 - Updater plugin is busy. [2/15]
2022-11-05 09:58:28,999 [WARN] MainUpdater:1122 - Updater busy. Cannot search thirdparties
2022-11-05 09:58:28,999 [INFO] ThirdPartyUpdaterWithRetryManager:92 - Updater plugin is busy. [3/15]
2022-11-05 09:58:32,007 [WARN] MainUpdater:1122 - Updater busy. Cannot search thirdparties
2022-11-05 09:58:32,007 [INFO] ThirdPartyUpdaterWithRetryManager:92 - Updater plugin is busy. [4/15]
2022-11-05 09:58:35,021 [WARN] MainUpdater:1122 - Updater busy. Cannot search thirdparties
2022-11-05 09:58:35,021 [INFO] ThirdPartyUpdaterWithRetryManager:92 - Updater plugin is busy. [5/15]
2022-11-05 09:58:38,028 [WARN] MainUpdater:1122 - Updater busy. Cannot search thirdparties
2022-11-05 09:58:38,029 [INFO] ThirdPartyUpdaterWithRetryManager:92 - Updater plugin is busy. [6/15]
2022-11-05 09:58:41,045 [WARN] MainUpdater:1122 - Updater busy. Cannot search thirdparties
2022-11-05 09:58:41,046 [INFO] ThirdPartyUpdaterWithRetryManager:92 - Updater plugin is busy. [7/15]
2022-11-05 09:58:44,050 [WARN] MainUpdater:1122 - Updater busy. Cannot search thirdparties
2022-11-05 09:58:44,050 [INFO] ThirdPartyUpdaterWithRetryManager:92 - Updater plugin is busy. [8/15]
2022-11-05 09:58:47,067 [WARN] MainUpdater:1122 - Updater busy. Cannot search thirdparties
2022-11-05 09:58:47,067 [INFO] ThirdPartyUpdaterWithRetryManager:92 - Updater plugin is busy. [9/15]
2022-11-05 09:58:49,748 [INFO] LoadUrlFilesThread:145 - End of LoadUrlFiles Thread
2022-11-05 09:58:50,081 [WARN] MainUpdater:1122 - Updater busy. Cannot search thirdparties
2022-11-05 09:58:50,081 [INFO] ThirdPartyUpdaterWithRetryManager:92 - Updater plugin is busy. [10/15]
2022-11-05 09:58:50,562 [INFO] ServerAccessManage:362 - Download File boardsDocs.json._tmp_
2022-11-05 09:58:50,781 [INFO] LoadUrlFilesThread:145 - End of LoadUrlFiles Thread
2022-11-05 09:58:51,087 [INFO] ServerAccessManage:362 - Download File boards.json._tmp_
2022-11-05 09:58:51,559 [INFO] LoadUrlFilesThread:145 - End of LoadUrlFiles Thread
2022-11-05 09:58:51,807 [INFO] ServerAccessManage:362 - Download File cube-finder-db.zip
2022-11-05 09:58:53,081 [WARN] MainUpdater:1122 - Updater busy. Cannot search thirdparties
2022-11-05 09:58:53,082 [INFO] ThirdPartyUpdaterWithRetryManager:92 - Updater plugin is busy. [11/15]
2022-11-05 09:58:56,091 [WARN] MainUpdater:1122 - Updater busy. Cannot search thirdparties
2022-11-05 09:58:56,091 [INFO] ThirdPartyUpdaterWithRetryManager:92 - Updater plugin is busy. [12/15]
2022-11-05 09:58:59,103 [WARN] MainUpdater:1122 - Updater busy. Cannot search thirdparties
2022-11-05 09:58:59,103 [INFO] ThirdPartyUpdaterWithRetryManager:92 - Updater plugin is busy. [13/15]
2022-11-05 09:59:02,107 [WARN] MainUpdater:1122 - Updater busy. Cannot search thirdparties
2022-11-05 09:59:02,107 [INFO] ThirdPartyUpdaterWithRetryManager:92 - Updater plugin is busy. [14/15]
2022-11-05 09:59:05,119 [WARN] MainUpdater:1122 - Updater busy. Cannot search thirdparties
2022-11-05 09:59:05,119 [INFO] ThirdPartyUpdaterWithRetryManager:92 - Updater plugin is busy. [15/15]
2022-11-05 09:59:05,119 [ERROR] IntegrityCheckThread:124 - Cannot retrieve database content from updater: error -1
2022-11-05 09:59:05,119 [INFO] ThirdParty:915 - Integrity check success = false
2022-11-05 09:59:05,119 [INFO] IntegrityCheckThread:94 - exiting critical section [integrity check]
2022-11-05 09:59:05,119 [INFO] IntegrityCheckThread:97 - End integrity checks thread
2022-11-05 10:00:17,173 [INFO] FileExtend:235 - Unzip File : cube-finder-db.zip
2022-11-05 10:00:17,174 [INFO] FileExtend:250 - Standard Zip Deflate
2022-11-05 10:00:17,916 [INFO] LoadUrlFilesThread:145 - End of LoadUrlFiles Thread
2022-11-05 10:00:21,323 [INFO] ServerAccessManage:362 - Download File crdb.zip
2022-11-05 10:00:23,629 [INFO] FileExtend:235 - Unzip File : crdb.zip
2022-11-05 10:00:23,629 [INFO] FileExtend:250 - Standard Zip Deflate
2022-11-05 10:00:23,773 [INFO] LoadUrlFilesThread:145 - End of LoadUrlFiles Thread
2022-11-05 10:00:24,183 [INFO] ServerAccessManage:362 - Download File tutoVideoDB.zip
2022-11-05 10:00:24,309 [INFO] FileExtend:235 - Unzip File : tutoVideoDB.zip
2022-11-05 10:00:24,309 [INFO] FileExtend:250 - Standard Zip Deflate
2022-11-05 10:00:24,439 [INFO] LoadUrlFilesThread:145 - End of LoadUrlFiles Thread
2022-11-05 10:00:24,440 [INFO] DbMcusAds:47 - JSON generation date=Thu Sep 30 13:56:37 ICT 2021 (1632984997303)
2022-11-05 10:00:24,460 [INFO] DbMcusDocs:143 - JSON generation date=Tue Nov 16 23:17:54 ICT 2021 (1637079474)
2022-11-05 10:00:24,461 [INFO] DbMcusXml:100 - Load MCU database from D:\STM32\STM32CubeIDE_1.7.0\STM32CubeIDE\plugins\com.st.stm32cube.common.mx_6.3.0.202107141111\\db\/mcu/families.xml
2022-11-05 10:00:26,001 [INFO] DbMcusJson:93 - JSON generation date=Tue Nov 16 23:17:54 ICT 2021 (1637079474)
2022-11-05 10:00:27,097 [INFO] DbMcus:175 - Found 1951 MCUs (1903 are supported by CubeMX, 1914 are visible in CubeMX)
2022-11-05 10:00:27,098 [INFO] ApiDb:251 - Load user favorites file C:\Users\Luong/.stm32cubeide/favorites.mcus.txt: 0 item(s)
2022-11-05 10:00:27,098 [INFO] ApiDb:255 - User favorites MCUs=[]
2022-11-05 10:00:27,098 [INFO] DbMcus:187 - Set 0 / 0 favorites MCUs
2022-11-05 10:00:27,987 [INFO] DbMcusDocs:79 - Found 682 MCUs documents
2022-11-05 10:00:27,989 [INFO] ApiDb:276 - Save user favorites file C:\Users\Luong/.stm32cubeide/favorites.mcus.txt: 0 item(s)
2022-11-05 10:00:27,990 [INFO] ApiDb:280 - User favorites MCUs=[]
2022-11-05 10:00:27,990 [INFO] DbMcusXml:100 - Load MCU database from D:\STM32\STM32CubeIDE_1.7.0\STM32CubeIDE\plugins\com.st.stm32cube.common.mx_6.3.0.202107141111\\db\/mcu/families.xml
2022-11-05 10:00:28,992 [INFO] DbMcusJson:93 - JSON generation date=Tue Nov 16 23:17:54 ICT 2021 (1637079474)
2022-11-05 10:00:30,034 [INFO] DbMcus:175 - Found 1951 MCUs (1903 are supported by CubeMX, 1914 are visible in CubeMX)
2022-11-05 10:00:30,034 [INFO] ApiDb:251 - Load user favorites file C:\Users\Luong/.stm32cubeide/favorites.mcus.txt: 0 item(s)
2022-11-05 10:00:30,034 [INFO] ApiDb:255 - User favorites MCUs=[]
2022-11-05 10:00:30,034 [INFO] DbMcus:187 - Set 0 / 0 favorites MCUs
2022-11-05 10:00:30,042 [INFO] DbBoardsDocs:143 - JSON generation date=Tue Nov 16 23:17:54 ICT 2021 (1637079474)
2022-11-05 10:00:30,062 [INFO] DbBoardsPdsc:90 - Found 25 items
2022-11-05 10:00:30,071 [INFO] DbBoardsPdsc:90 - Found 9 items
2022-11-05 10:00:30,082 [INFO] DbBoardsPdsc:90 - Found 33 items
2022-11-05 10:00:30,090 [INFO] DbBoardsPdsc:90 - Found 1 items
2022-11-05 10:00:30,108 [INFO] DbBoardsPdsc:90 - Found 48 items
2022-11-05 10:00:30,128 [INFO] DbBoardsPdsc:90 - Found 43 items
2022-11-05 10:00:30,136 [INFO] DbBoardsPdsc:90 - Found 2 items
2022-11-05 10:00:30,144 [INFO] DbBoardsPdsc:90 - Found 5 items
2022-11-05 10:00:30,150 [WARN] DbBoardsPdsc:254 - Board STM32H7B3I-DK: unknown feature type=Audio, name=, username=Audio stereo codec with Headphone Amp (CS42L51-CNZ), n=1
2022-11-05 10:00:30,150 [WARN] DbBoardsPdsc:254 - Board STM32H735G-DK: unknown feature type=Audio, name=, username=Audio stereo codec with Headphone Amp (WM8994ECS/R), n=1
2022-11-05 10:00:30,152 [WARN] DbBoardsPdsc:254 - Board STM32H7B3I-EVAL: unknown feature type=Audio, name=, username=Multi-Channel Audio Codec (CS42L51-CNZ), n=1
2022-11-05 10:00:30,152 [WARN] DbBoardsPdsc:254 - Board STM32H7B3I-EVAL: unknown feature type=Meter, name=, username=Power-metering and Temperature-monitoring with sigma-delta modulators, n=1
2022-11-05 10:00:30,152 [WARN] DbBoardsPdsc:254 - Board STM32H7B3I-EVAL: unknown feature type=Motor, name=, username=Motor Control, n=1
2022-11-05 10:00:30,153 [WARN] DbBoardsPdsc:254 - Board STM32U575I-EV: unknown feature type=joystick, name=, username=4-direction joystick with selection button, n=1
2022-11-05 10:00:30,171 [INFO] DbBoardsJson:86 - JSON generation date=Tue Nov 16 23:17:54 ICT 2021 (1637079474)
2022-11-05 10:00:30,179 [INFO] DbBoards:117 - Found 167 boards (163 are supported by CubeMX)
2022-11-05 10:00:30,182 [INFO] DbBoardsDocs:143 - JSON generation date=Tue Nov 16 23:17:54 ICT 2021 (1637079474)
2022-11-05 10:00:30,186 [INFO] DbBoardsDocs:79 - Found 209 boards documents
2022-11-05 10:00:30,188 [WARN] DbBoards:127 - board B-L475E-IOT01A2 has no document id list !
2022-11-05 10:00:30,189 [WARN] DbBoards:127 - board NUCLEO-H743ZI has no document id list !
2022-11-05 10:00:30,190 [WARN] DbBoards:127 - board NUCLEO-WL55JC2 has no document id list !
2022-11-05 10:00:30,190 [WARN] DbBoards:127 - board P-NUCLEO-WB55-Nucleo has no document id list !
2022-11-05 10:00:30,190 [WARN] DbBoards:127 - board P-NUCLEO-WB55-USBDongle has no document id list !
2022-11-05 10:00:30,190 [WARN] DbBoards:127 - board STEVAL-BFA001V1B has no document id list !
2022-11-05 10:00:30,190 [WARN] DbBoards:127 - board STEVAL-BFA001V2B has no document id list !
2022-11-05 10:00:30,191 [WARN] DbBoards:127 - board STEVAL-IDP005V1 has no document id list !
2022-11-05 10:00:30,191 [WARN] DbBoards:127 - board STEVAL-IDP005V2 has no document id list !
2022-11-05 10:00:30,191 [WARN] DbBoards:127 - board STEVAL-MKSBOX1V1 has no document id list !
2022-11-05 10:00:30,191 [WARN] DbBoards:127 - board STEVAL-STWINKT1 has no document id list !
2022-11-05 10:00:30,191 [WARN] DbBoards:127 - board STEVAL-STWINKT1B has no document id list !
2022-11-05 10:00:30,191 [WARN] DbBoards:127 - board STM32439I-EVAL2 has no document id list !
2022-11-05 10:00:30,192 [WARN] DbBoards:127 - board STM32F401C-DISCO has no document id list !
2022-11-05 10:00:30,192 [WARN] DbBoards:127 - board STM32F769I-DISC1 has no document id list !
2022-11-05 10:00:30,193 [WARN] DbBoards:127 - board STM32G474E-EVAL1 has no document id list !
2022-11-05 10:00:30,193 [WARN] DbBoards:127 - board STM32H743I-EVAL2 has no document id list !
2022-11-05 10:00:30,193 [WARN] DbBoards:127 - board STM32H747I-DISC1 has no document id list !
2022-11-05 10:00:30,194 [WARN] DbBoards:127 - board STM32H753I-EVAL2 has no document id list !
2022-11-05 10:00:30,194 [WARN] DbBoards:127 - board STM32L-DISCOVERY has no document id list !
2022-11-05 10:00:30,435 [ERROR] DbBoards:189 - Image file not found for board B-U585I-IOT02A: D:\STM32\STM32CubeIDE_1.7.0\STM32CubeIDE\plugins\com.st.stm32cube.common.mx_6.3.0.202107141111\\db\/plugins/mcufinder/images/boards/B-U585I-IOT02A_small.jpg
2022-11-05 10:00:30,595 [ERROR] DbBoards:189 - Image file not found for board NUCLEO-F413ZH: D:\STM32\STM32CubeIDE_1.7.0\STM32CubeIDE\plugins\com.st.stm32cube.common.mx_6.3.0.202107141111\\db\/plugins/mcufinder/images/boards/nucleo-f413zh_small.jpg
2022-11-05 10:00:30,829 [ERROR] DbBoards:189 - Image file not found for board NUCLEO-L552ZE-Q: D:\STM32\STM32CubeIDE_1.7.0\STM32CubeIDE\plugins\com.st.stm32cube.common.mx_6.3.0.202107141111\\db\/plugins/mcufinder/images/boards/nucleo_l552ze_q_small.jpg
2022-11-05 10:00:30,829 [ERROR] DbBoards:189 - Image file not found for board NUCLEO-U575ZI-Q: D:\STM32\STM32CubeIDE_1.7.0\STM32CubeIDE\plugins\com.st.stm32cube.common.mx_6.3.0.202107141111\\db\/plugins/mcufinder/images/boards/nucleo-u575zi-q_small.jpg
2022-11-05 10:00:30,829 [ERROR] DbBoards:189 - Image file not found for board NUCLEO-WB15CC: D:\STM32\STM32CubeIDE_1.7.0\STM32CubeIDE\plugins\com.st.stm32cube.common.mx_6.3.0.202107141111\\db\/plugins/mcufinder/images/boards/nucleo-wb15cc_small.jpg
2022-11-05 10:00:30,829 [ERROR] DbBoards:189 - Image file not found for board NUCLEO-WB55RG: D:\STM32\STM32CubeIDE_1.7.0\STM32CubeIDE\plugins\com.st.stm32cube.common.mx_6.3.0.202107141111\\db\/plugins/mcufinder/images/boards/nucleo-wb55rg_small.jpg
2022-11-05 10:00:32,541 [INFO] ApiDb:251 - Load user favorites file C:\Users\Luong/.stm32cubeide/favorites.boards.txt: 0 item(s)
2022-11-05 10:00:32,543 [INFO] ApiDb:255 - User favorites Boards=[]
2022-11-05 10:00:32,543 [INFO] DbBoards:206 - Set 0 / 0 favorites Boards
2022-11-05 10:00:32,546 [INFO] DbBoardsDocs:79 - Found 418 boards documents
2022-11-05 10:00:32,547 [INFO] ApiDb:276 - Save user favorites file C:\Users\Luong/.stm32cubeide/favorites.boards.txt: 0 item(s)
2022-11-05 10:00:32,549 [INFO] ApiDb:280 - User favorites Boards=[]
2022-11-05 10:00:32,553 [INFO] DbBoardsPdsc:90 - Found 25 items
2022-11-05 10:00:32,554 [INFO] DbBoardsPdsc:90 - Found 9 items
2022-11-05 10:00:32,558 [INFO] DbBoardsPdsc:90 - Found 33 items
2022-11-05 10:00:32,559 [INFO] DbBoardsPdsc:90 - Found 1 items
2022-11-05 10:00:32,566 [INFO] DbBoardsPdsc:90 - Found 48 items
2022-11-05 10:00:32,573 [INFO] DbBoardsPdsc:90 - Found 43 items
2022-11-05 10:00:32,574 [INFO] DbBoardsPdsc:90 - Found 2 items
2022-11-05 10:00:32,576 [INFO] DbBoardsPdsc:90 - Found 5 items
2022-11-05 10:00:32,579 [WARN] DbBoardsPdsc:254 - Board STM32H7B3I-DK: unknown feature type=Audio, name=, username=Audio stereo codec with Headphone Amp (CS42L51-CNZ), n=1
2022-11-05 10:00:32,579 [WARN] DbBoardsPdsc:254 - Board STM32H735G-DK: unknown feature type=Audio, name=, username=Audio stereo codec with Headphone Amp (WM8994ECS/R), n=1
2022-11-05 10:00:32,582 [WARN] DbBoardsPdsc:254 - Board STM32H7B3I-EVAL: unknown feature type=Audio, name=, username=Multi-Channel Audio Codec (CS42L51-CNZ), n=1
2022-11-05 10:00:32,583 [WARN] DbBoardsPdsc:254 - Board STM32H7B3I-EVAL: unknown feature type=Meter, name=, username=Power-metering and Temperature-monitoring with sigma-delta modulators, n=1
2022-11-05 10:00:32,583 [WARN] DbBoardsPdsc:254 - Board STM32H7B3I-EVAL: unknown feature type=Motor, name=, username=Motor Control, n=1
2022-11-05 10:00:32,584 [WARN] DbBoardsPdsc:254 - Board STM32U575I-EV: unknown feature type=joystick, name=, username=4-direction joystick with selection button, n=1
2022-11-05 10:00:32,604 [INFO] DbBoardsJson:86 - JSON generation date=Tue Nov 16 23:17:54 ICT 2021 (1637079474)
2022-11-05 10:00:32,608 [INFO] DbBoards:117 - Found 167 boards (163 are supported by CubeMX)
2022-11-05 10:00:32,609 [WARN] DbBoards:127 - board B-L475E-IOT01A2 has no document id list !
2022-11-05 10:00:32,609 [WARN] DbBoards:127 - board NUCLEO-H743ZI has no document id list !
2022-11-05 10:00:32,610 [WARN] DbBoards:127 - board NUCLEO-WL55JC2 has no document id list !
2022-11-05 10:00:32,610 [WARN] DbBoards:127 - board P-NUCLEO-WB55-Nucleo has no document id list !
2022-11-05 10:00:32,610 [WARN] DbBoards:127 - board P-NUCLEO-WB55-USBDongle has no document id list !
2022-11-05 10:00:32,610 [WARN] DbBoards:127 - board STEVAL-BFA001V1B has no document id list !
2022-11-05 10:00:32,610 [WARN] DbBoards:127 - board STEVAL-BFA001V2B has no document id list !
2022-11-05 10:00:32,610 [WARN] DbBoards:127 - board STEVAL-IDP005V1 has no document id list !
2022-11-05 10:00:32,610 [WARN] DbBoards:127 - board STEVAL-IDP005V2 has no document id list !
2022-11-05 10:00:32,610 [WARN] DbBoards:127 - board STEVAL-MKSBOX1V1 has no document id list !
2022-11-05 10:00:32,610 [WARN] DbBoards:127 - board STEVAL-STWINKT1 has no document id list !
2022-11-05 10:00:32,610 [WARN] DbBoards:127 - board STEVAL-STWINKT1B has no document id list !
2022-11-05 10:00:32,610 [WARN] DbBoards:127 - board STM32439I-EVAL2 has no document id list !
2022-11-05 10:00:32,611 [WARN] DbBoards:127 - board STM32F401C-DISCO has no document id list !
2022-11-05 10:00:32,611 [WARN] DbBoards:127 - board STM32F769I-DISC1 has no document id list !
2022-11-05 10:00:32,611 [WARN] DbBoards:127 - board STM32G474E-EVAL1 has no document id list !
2022-11-05 10:00:32,611 [WARN] DbBoards:127 - board STM32H743I-EVAL2 has no document id list !
2022-11-05 10:00:32,611 [WARN] DbBoards:127 - board STM32H747I-DISC1 has no document id list !
2022-11-05 10:00:32,611 [WARN] DbBoards:127 - board STM32H753I-EVAL2 has no document id list !
2022-11-05 10:00:32,611 [WARN] DbBoards:127 - board STM32L-DISCOVERY has no document id list !
2022-11-05 10:00:32,727 [ERROR] DbBoards:189 - Image file not found for board B-U585I-IOT02A: D:\STM32\STM32CubeIDE_1.7.0\STM32CubeIDE\plugins\com.st.stm32cube.common.mx_6.3.0.202107141111\\db\/plugins/mcufinder/images/boards/B-U585I-IOT02A_small.jpg
2022-11-05 10:00:32,822 [ERROR] DbBoards:189 - Image file not found for board NUCLEO-F413ZH: D:\STM32\STM32CubeIDE_1.7.0\STM32CubeIDE\plugins\com.st.stm32cube.common.mx_6.3.0.202107141111\\db\/plugins/mcufinder/images/boards/nucleo-f413zh_small.jpg
2022-11-05 10:00:33,048 [ERROR] DbBoards:189 - Image file not found for board NUCLEO-L552ZE-Q: D:\STM32\STM32CubeIDE_1.7.0\STM32CubeIDE\plugins\com.st.stm32cube.common.mx_6.3.0.202107141111\\db\/plugins/mcufinder/images/boards/nucleo_l552ze_q_small.jpg
2022-11-05 10:00:33,049 [ERROR] DbBoards:189 - Image file not found for board NUCLEO-U575ZI-Q: D:\STM32\STM32CubeIDE_1.7.0\STM32CubeIDE\plugins\com.st.stm32cube.common.mx_6.3.0.202107141111\\db\/plugins/mcufinder/images/boards/nucleo-u575zi-q_small.jpg
2022-11-05 10:00:33,049 [ERROR] DbBoards:189 - Image file not found for board NUCLEO-WB15CC: D:\STM32\STM32CubeIDE_1.7.0\STM32CubeIDE\plugins\com.st.stm32cube.common.mx_6.3.0.202107141111\\db\/plugins/mcufinder/images/boards/nucleo-wb15cc_small.jpg
2022-11-05 10:00:33,049 [ERROR] DbBoards:189 - Image file not found for board NUCLEO-WB55RG: D:\STM32\STM32CubeIDE_1.7.0\STM32CubeIDE\plugins\com.st.stm32cube.common.mx_6.3.0.202107141111\\db\/plugins/mcufinder/images/boards/nucleo-wb55rg_small.jpg
2022-11-05 10:00:33,984 [INFO] ApiDb:251 - Load user favorites file C:\Users\Luong/.stm32cubeide/favorites.boards.txt: 0 item(s)
2022-11-05 10:00:33,985 [INFO] ApiDb:255 - User favorites Boards=[]
2022-11-05 10:00:33,985 [INFO] DbBoards:206 - Set 0 / 0 favorites Boards
2022-11-05 10:00:34,000 [INFO] LoadUrlFilesThread:172 - End of LoadServerUrlFiles without Thread
2022-11-05 10:00:34,000 [INFO] TargetSelectorAdapter:224 - Refresh data is successful
2022-11-05 10:00:34,115 [INFO] ApiDb:479 - Connected to CubeFinder SQLite database (C:\Users\Luong\.stmcufinder\plugins\mcufinder\mcu\cube-finder-db.db)
2022-11-05 10:00:35,107 [INFO] DbExamplesSqlite:411 - Ignored 31 examples not supported by CubeIDE
2022-11-05 10:00:35,107 [INFO] DbExamplesSqlite:412 - Found 6197 examples active
2022-11-05 10:00:35,107 [INFO] DbExamplesSqlite:413 - Found 89 examples obsolete
2022-11-05 10:00:35,108 [INFO] DbExamplesSqlite:414 - Found 0 examples under development
2022-11-05 10:00:35,108 [INFO] DbExamplesSqlite:415 - Found 76 examples not building
2022-11-05 10:00:35,141 [INFO] DbExamplesSqlite:108 - CubeFinder database Data Model version=2.1
2022-11-05 10:00:35,142 [INFO] DbExamplesSqlite:109 - CubeFinder database Configuration version=3.0.32
2022-11-05 10:00:35,142 [INFO] DbExamplesSqlite:110 - CubeFinder database generation date=2022-08-05 (1659688109)
2022-11-05 10:00:35,142 [INFO] DbExamplesSqlite:111 - CubeFinder database FW Pack versions=[STM32Cube_FW_C0_V1.0.0, STM32Cube_FW_F4_V1.27.1, STM32Cube_FW_F7_V1.17.0, STM32Cube_FW_G0_V1.6.1, STM32Cube_FW_G4_V1.5.0, STM32Cube_FW_H7_V1.10.0, STM32Cube_FW_L5_V1.4.0, STM32Cube_FW_U5_V1.1.1, STM32Cube_FW_WB_V1.14.1, STM32Cube_FW_WL_V1.2.0, X-CUBE-ALGOBUILD_V1.3.0, X-CUBE-ALS_V1.0.1, X-CUBE-AZRTOS-F4_V1.1.0, X-CUBE-AZRTOS-F7_V1.1.0, X-CUBE-AZRTOS-G0_V1.1.0, X-CUBE-AZRTOS-G4_V1.0.0, X-CUBE-AZRTOS-H7_V2.1.0, X-CUBE-AZRTOS-L4_V1.0.0, X-CUBE-AZRTOS-L5_V1.0.0, X-CUBE-AZRTOS-WL_V1.0.0, X-CUBE-BLE1_V6.2.3, X-CUBE-BLE2_V3.3.0, X-CUBE-EEPRMA1_V3.1.1, X-CUBE-GNSS1_V6.0.0, X-CUBE-MEMS1_V9.1.0, X-CUBE-MEMS1_V9.3.0, X-CUBE-NFC4_V2.0.4, X-CUBE-NFC7_V1.0.0, X-CUBE-SFXS2LP1_V4.0.0, X-CUBE-SUBG2_V5.0.0]
2022-11-05 10:00:35,144 [INFO] DbExamples:130 - Found 6242 examples
2022-11-05 10:00:36,207 [ERROR] DbExamples:206 - Found 6242 examples with invalid data (board or MCU)
2022-11-05 10:00:36,207 [INFO] DbExamples:222 - Found 74 boards with related examples
2022-11-05 10:00:36,207 [INFO] DbExamples:235 - Found 0 MCUs with related examples
2022-11-05 10:00:36,227 [INFO] ApiDb:242 - User favorites file not found: C:\Users\Luong/.stm32cubeide/favorites.examples.txt
2022-11-05 10:00:36,227 [INFO] DbExamples:256 - Set 0 / 0 favorites Examples
2022-11-05 10:00:36,628 [INFO] McuFinderGlobals:52 - Set McuFinderConnectedMode to false
2022-11-05 10:00:36,737 [INFO] CrossSelectorPresenter:1330 - Cross Selector saved comparison directory: C:\Users\Luong\.stmcufinder\plugins\mcufinder\mcu\cs_comparisons_mx
2022-11-05 10:00:36,745 [INFO] MultiScanPanel:197 - Auto-refresh data requested => check proxy status ongoing
2022-11-05 10:00:36,745 [INFO] MultiScanPanel:201 - Proxy status is invalid
2022-11-05 10:00:36,749 [INFO] FinderPluginLoader:87 - Searching for filters in installed packs
2022-11-05 10:00:37,308 [INFO] DetailPanel:309 - Set advertising image to C:/Users/Luong/STM32Cube/Repository/\en.Prom_NBSTM32U50921.jpg
2022-11-05 10:03:15,880 [INFO] MainUpdater:2671 - connection check result : 10
2022-11-05 10:03:15,880 [INFO] MainUpdater:2671 - connection check result : 10
2022-11-05 10:03:15,932 [INFO] MicroXplorer:448 - Change Database Path : 
2022-11-05 10:03:15,932 [INFO] MicroXplorer:478 - Change Database Version : DB.6.0.30
2022-11-05 10:03:15,933 [WARN] ThirdParty:813 - waiting for thirdparty lock release [close project]
2022-11-05 10:03:15,933 [INFO] ThirdParty:815 - entering critical section [close project]
2022-11-05 10:03:15,934 [INFO] ThirdParty:825 - exiting critical section [close project]
2022-11-05 10:03:15,941 [INFO] PinOutPanel:1463 - setPackage(No Configuration,No Configuration)
2022-11-05 10:03:15,942 [INFO] UtilMem:74 - Begin LoadConfig() Used Memory: 640834896 Bytes (1015021568)
2022-11-05 10:03:15,943 [INFO] MicroXplorer:448 - Change Database Path : 
2022-11-05 10:03:15,943 [INFO] MicroXplorer:478 - Change Database Version : DB.6.0.30
2022-11-05 10:03:15,944 [INFO] OpenFileManager:313 - Change cursor
2022-11-05 10:03:15,960 [WARN] IntegrityCheckThread:78 - waiting for thirdparty lock release [integrity check]
2022-11-05 10:03:15,960 [INFO] IntegrityCheckThread:80 - entering critical section [integrity check]
2022-11-05 10:03:16,220 [WARN] PackLoader:238 - Cannot read IP mode file for STMicroelectronics.X-CUBE-GNSS1.6.0.0
2022-11-05 10:03:16,276 [WARN] PackLoader:238 - Cannot read IP mode file for STMicroelectronics.X-CUBE-AZRTOS-F4.1.1.0
2022-11-05 10:03:16,308 [WARN] PackLoader:238 - Cannot read IP mode file for STMicroelectronics.X-CUBE-BLEMGR.1.2.0
2022-11-05 10:03:16,344 [WARN] PackLoader:238 - Cannot read IP mode file for STMicroelectronics.X-CUBE-AZRTOS-F7.1.1.0
2022-11-05 10:03:16,360 [WARN] PackLoader:238 - Cannot read IP mode file for STMicroelectronics.X-CUBE-BLE1.6.2.3
2022-11-05 10:03:16,373 [WARN] PackLoader:238 - Cannot read IP mode file for STMicroelectronics.X-CUBE-NFC4.2.0.4
2022-11-05 10:03:16,383 [WARN] PackLoader:238 - Cannot read IP mode file for wolfSSL.I-CUBE-wolfSSL.5.5.1
2022-11-05 10:03:16,395 [WARN] PackLoader:238 - Cannot read IP mode file for STMicroelectronics.X-CUBE-NFC7.1.0.0
2022-11-05 10:03:16,455 [WARN] PackLoader:238 - Cannot read IP mode file for STMicroelectronics.X-CUBE-MEMS1.9.3.0
2022-11-05 10:03:16,622 [WARN] PackLoader:238 - Cannot read IP mode file for STMicroelectronics.X-CUBE-AI.7.2.0
2022-11-05 10:03:16,635 [WARN] PackLoader:238 - Cannot read IP mode file for STMicroelectronics.X-CUBE-SFXS2LP1.4.0.0
2022-11-05 10:03:16,648 [WARN] PackLoader:238 - Cannot read IP mode file for STMicroelectronics.X-CUBE-BLE2.3.3.0
2022-11-05 10:03:16,663 [WARN] PackLoader:238 - Cannot read IP mode file for STMicroelectronics.X-CUBE-DISPLAY.2.2.0
2022-11-05 10:03:16,686 [WARN] PackLoader:238 - Cannot read IP mode file for STMicroelectronics.X-CUBE-TOF1.3.2.0
2022-11-05 10:03:16,703 [WARN] PackLoader:238 - Cannot read IP mode file for STMicroelectronics.X-CUBE-ISPU.1.0.0
2022-11-05 10:03:16,736 [WARN] PackLoader:238 - Cannot read IP mode file for RoweBots.I-CUBE-UNISONRTOS.5.5.0-4
2022-11-05 10:03:16,772 [WARN] PackLoader:238 - Cannot read IP mode file for STMicroelectronics.X-CUBE-AZRTOS-H7.2.1.0
2022-11-05 10:03:16,788 [WARN] PackLoader:238 - Cannot read IP mode file for STMicroelectronics.X-CUBE-ALGOBUILD.1.3.0
2022-11-05 10:03:16,821 [WARN] PackLoader:238 - Cannot read IP mode file for STMicroelectronics.X-CUBE-AZRTOS-G0.1.1.0
2022-11-05 10:03:16,847 [WARN] PackLoader:238 - Cannot read IP mode file for STMicroelectronics.X-CUBE-SUBG2.5.0.0
2022-11-05 10:03:16,924 [WARN] PackLoader:238 - Cannot read IP mode file for SEGGER.I-CUBE-embOS.1.2.1
2022-11-05 10:03:16,982 [WARN] PackLoader:238 - Cannot read IP mode file for STMicroelectronics.FP-ATR-ASTRA1.1.1.1
2022-11-05 10:03:17,017 [WARN] PackLoader:238 - Cannot read IP mode file for STMicroelectronics.X-CUBE-AZRTOS-G4.1.0.0
2022-11-05 10:03:17,033 [WARN] PackLoader:238 - Cannot read IP mode file for STMicroelectronics.FP-ATR-SIGFOX1.3.2.0
2022-11-05 10:03:17,071 [WARN] PackLoader:238 - Cannot read IP mode file for STMicroelectronics.X-CUBE-AZRTOS-L4.1.0.0
2022-11-05 10:03:17,075 [WARN] PackLoader:238 - Cannot read IP mode file for emotas.I-CUBE-CANOPEN.1.1.2
2022-11-05 10:03:17,099 [WARN] PackLoader:238 - Cannot read IP mode file for STMicroelectronics.X-CUBE-TOUCHGFX.4.20.0
2022-11-05 10:03:17,129 [WARN] PackLoader:238 - Cannot read IP mode file for STMicroelectronics.X-CUBE-AZRTOS-WL.1.0.0
2022-11-05 10:03:17,143 [WARN] PackLoader:238 - Cannot read IP mode file for portGmbH.I-Cube-SoM-uGOAL.1.1.0
2022-11-05 10:03:17,154 [WARN] PackLoader:238 - Cannot read IP mode file for STMicroelectronics.X-CUBE-ALS.1.0.1
2022-11-05 10:03:17,190 [WARN] PackLoader:238 - Cannot read IP mode file for STMicroelectronics.X-CUBE-AZRTOS-L5.1.0.0
2022-11-05 10:03:17,210 [WARN] PackLoader:238 - Cannot read IP mode file for STMicroelectronics.X-CUBE-EEPRMA1.3.1.1
2022-11-05 10:03:17,212 [INFO] ThirdParty:915 - Integrity check success = true
2022-11-05 10:03:17,212 [INFO] IntegrityCheckThread:94 - exiting critical section [integrity check]
2022-11-05 10:03:17,212 [INFO] IntegrityCheckThread:97 - End integrity checks thread
2022-11-05 10:03:18,164 [INFO] Context:592 - Trying to add GPIOservice into a context  which must be forbidden
2022-11-05 10:03:18,350 [INFO] ImportTextPane:167 - (OptionalMessage_ERROR) Unable to find key (Mcu.ThirdPartyNb) in loaded IOC file
2022-11-05 10:03:18,350 [INFO] ImportTextPane:167 - (OptionalMessage_ERROR) Unable to find key (Mcu.PinsNb) in loaded IOC file
2022-11-05 10:03:18,350 [INFO] ImportTextPane:167 - (OptionalMessage_ERROR) Unable to find key (Mcu.IPNb) in loaded IOC file
2022-11-05 10:03:18,410 [WARN] ApiManager:304 - Cannot register API 'Board Extension:GNSS1A1' from pack STMicroelectronics.X-CUBE-GNSS1.6.0.0: no header file found
2022-11-05 10:03:18,410 [WARN] ApiManager:304 - Cannot register API 'Board Support:Custom' from pack STMicroelectronics.X-CUBE-GNSS1.6.0.0: no header file found
2022-11-05 10:03:18,411 [WARN] ApiManager:304 - Cannot register API 'Data Exchange:lib_gnss' from pack STMicroelectronics.X-CUBE-GNSS1.6.0.0: no header file found
2022-11-05 10:03:18,422 [WARN] ModelIntegratedComponent:60 - No mode defined for component null
2022-11-05 10:03:18,423 [WARN] ModelIntegratedComponent:60 - No mode defined for component null
2022-11-05 10:03:18,423 [WARN] ModelIntegratedComponent:60 - No mode defined for component null
2022-11-05 10:03:18,423 [WARN] ModelIntegratedComponent:60 - No mode defined for component null
2022-11-05 10:03:18,423 [WARN] ModelIntegratedComponent:60 - No mode defined for component null
2022-11-05 10:03:18,423 [WARN] ModelIntegratedComponent:60 - No mode defined for component null
2022-11-05 10:03:18,423 [WARN] ModelIntegratedComponent:60 - No mode defined for component null
2022-11-05 10:03:18,423 [WARN] ModelIntegratedComponent:60 - No mode defined for component null
2022-11-05 10:03:18,423 [WARN] ModelIntegratedComponent:60 - No mode defined for component null
2022-11-05 10:03:18,423 [WARN] ModelIntegratedComponent:60 - No mode defined for component null
2022-11-05 10:03:18,423 [WARN] ModelIntegratedComponent:60 - No mode defined for component null
2022-11-05 10:03:18,424 [WARN] ModelIntegratedComponent:60 - No mode defined for component null
2022-11-05 10:03:18,424 [WARN] ModelIntegratedComponent:60 - No mode defined for component null
2022-11-05 10:03:18,424 [WARN] ModelIntegratedComponent:60 - No mode defined for component null
2022-11-05 10:03:18,424 [WARN] ModelIntegratedComponent:60 - No mode defined for component null
2022-11-05 10:03:18,424 [WARN] ModelIntegratedComponent:60 - No mode defined for component null
2022-11-05 10:03:18,424 [WARN] ModelIntegratedComponent:60 - No mode defined for component null
2022-11-05 10:03:18,424 [WARN] ModelIntegratedComponent:60 - No mode defined for component null
2022-11-05 10:03:18,424 [WARN] ModelIntegratedComponent:60 - No mode defined for component null
2022-11-05 10:03:18,424 [WARN] ModelIntegratedComponent:60 - No mode defined for component null
2022-11-05 10:03:18,424 [WARN] ModelIntegratedComponent:60 - No mode defined for component null
2022-11-05 10:03:18,424 [WARN] ModelIntegratedComponent:60 - No mode defined for component null
2022-11-05 10:03:18,425 [WARN] ModelIntegratedComponent:60 - No mode defined for component null
2022-11-05 10:03:18,425 [WARN] ModelIntegratedComponent:60 - No mode defined for component null
2022-11-05 10:03:18,425 [WARN] ModelIntegratedComponent:60 - No mode defined for component null
2022-11-05 10:03:18,425 [WARN] ModelIntegratedComponent:60 - No mode defined for component null
2022-11-05 10:03:18,425 [WARN] ModelIntegratedComponent:60 - No mode defined for component null
2022-11-05 10:03:18,425 [WARN] ModelIntegratedComponent:60 - No mode defined for component null
2022-11-05 10:03:18,425 [WARN] ModelIntegratedComponent:60 - No mode defined for component null
2022-11-05 10:03:18,425 [WARN] ModelIntegratedComponent:60 - No mode defined for component null
2022-11-05 10:03:18,425 [WARN] ModelIntegratedComponent:60 - No mode defined for component null
2022-11-05 10:03:18,428 [WARN] ApiManager:304 - Cannot register API 'Board Extension:NFC07A1' from pack STMicroelectronics.X-CUBE-NFC7.1.0.0: no header file found
2022-11-05 10:03:18,602 [WARN] ApiManager:304 - Cannot register API 'Board Extension:IKS01A3' from pack STMicroelectronics.X-CUBE-MEMS1.9.3.0: no header file found
2022-11-05 10:03:18,603 [WARN] ApiManager:304 - Cannot register API 'Board Extension:IKS01A2' from pack STMicroelectronics.X-CUBE-MEMS1.9.3.0: no header file found
2022-11-05 10:03:18,603 [WARN] ApiManager:304 - Cannot register API 'Board Extension:IKS02A1' from pack STMicroelectronics.X-CUBE-MEMS1.9.3.0: no header file found
2022-11-05 10:03:18,613 [WARN] ApiManager:304 - Cannot register API 'Wireless:BlueNRG-MS' from pack STMicroelectronics.X-CUBE-BLE1.6.2.3: no header file found
2022-11-05 10:03:18,616 [INFO] RtosManager:484 - Registered RTOS mode: class=CMSIS, group=RTOS, mode=CMSIS_V1, owner=FREERTOS
2022-11-05 10:03:18,616 [INFO] RtosManager:484 - Registered RTOS mode: class=CMSIS, group=RTOS2, mode=CMSIS_V2, owner=FREERTOS
2022-11-05 10:03:18,616 [INFO] RtosManager:484 - Registered RTOS mode: class=RTOS, group=Core, mode=CMSIS_V1, owner=FREERTOS
2022-11-05 10:03:18,616 [INFO] RtosManager:484 - Registered RTOS mode: class=RTOS, group=Core, mode=CMSIS_V2, owner=FREERTOS
2022-11-05 10:03:18,616 [WARN] ModelIntegratedComponent:181 - Missing modes for component STMicroelectronics:FreeRTOS:0.0.1:STMicroelectronics:RTOS:FreeRTOS:Core:::10.2.0:
2022-11-05 10:03:18,622 [WARN] ApiManager:304 - Cannot register API 'Board Extension:S2868A1' from pack STMicroelectronics.X-CUBE-SUBG2.5.0.0: no header file found
2022-11-05 10:03:18,623 [WARN] ApiManager:304 - Cannot register API 'Board Extension:S2868A2' from pack STMicroelectronics.X-CUBE-SUBG2.5.0.0: no header file found
2022-11-05 10:03:18,623 [WARN] ApiManager:304 - Cannot register API 'Board Extension:S2915A1' from pack STMicroelectronics.X-CUBE-SUBG2.5.0.0: no header file found
2022-11-05 10:03:18,626 [WARN] ApiManager:304 - Cannot register API 'Board Extension:EEPRMA1' from pack STMicroelectronics.X-CUBE-EEPRMA1.3.1.1: no header file found
2022-11-05 10:03:18,626 [WARN] ApiManager:304 - Cannot register API 'Board Extension:EEPRMA2' from pack STMicroelectronics.X-CUBE-EEPRMA1.3.1.1: no header file found
2022-11-05 10:03:18,626 [WARN] ApiManager:304 - Cannot register API 'Board Extension:S2868A1' from pack STMicroelectronics.X-CUBE-SFXS2LP1.4.0.0: no header file found
2022-11-05 10:03:18,626 [WARN] ApiManager:304 - Cannot register API 'Board Extension:S2868A2' from pack STMicroelectronics.X-CUBE-SFXS2LP1.4.0.0: no header file found
2022-11-05 10:03:18,626 [WARN] ApiManager:304 - Cannot register API 'Board Extension:S2915A1' from pack STMicroelectronics.X-CUBE-SFXS2LP1.4.0.0: no header file found
2022-11-05 10:03:18,626 [WARN] ApiManager:304 - Cannot register API 'Wireless:BlueNRG-2' from pack STMicroelectronics.X-CUBE-BLE2.3.3.0: no header file found
2022-11-05 10:03:18,626 [WARN] ApiManager:304 - Cannot register API 'Board Extension:NFC04A1' from pack STMicroelectronics.X-CUBE-NFC4.2.0.4: no header file found
2022-11-05 10:03:20,491 [INFO] UtilMem:74 - End LoadConfig() Used Memory: 813846600 Bytes (1015021568)
2022-11-05 10:03:20,497 [WARN] ThirdParty:779 - waiting for thirdparty lock release [change project]
2022-11-05 10:03:20,498 [INFO] ThirdParty:781 - entering critical section [change project]
2022-11-05 10:03:20,498 [INFO] ThirdParty:967 - CMSIS Pack Vendor :RoweBots I-CUBE-UNISONRTOS 5.5.0-4
2022-11-05 10:03:20,498 [INFO] ThirdParty:967 - CMSIS Pack Vendor :STMicroelectronics X-CUBE-GNSS1 6.0.0
2022-11-05 10:03:20,498 [INFO] ThirdParty:967 - CMSIS Pack Vendor :STMicroelectronics X-CUBE-AZRTOS-H7 2.1.0
2022-11-05 10:03:20,498 [INFO] ThirdParty:967 - CMSIS Pack Vendor :STMicroelectronics USB_HOST 2.0.0
2022-11-05 10:03:20,498 [INFO] ThirdParty:967 - CMSIS Pack Vendor :STMicroelectronics X-CUBE-AZRTOS-F4 1.1.0
2022-11-05 10:03:20,498 [INFO] ThirdParty:967 - CMSIS Pack Vendor :STMicroelectronics X-CUBE-AZRTOS-G4 1.0.0
2022-11-05 10:03:20,498 [INFO] ThirdParty:967 - CMSIS Pack Vendor :STMicroelectronics FP-ATR-SIGFOX1 3.2.0
2022-11-05 10:03:20,498 [INFO] ThirdParty:967 - CMSIS Pack Vendor :STMicroelectronics X-CUBE-AZRTOS-L4 1.0.0
2022-11-05 10:03:20,498 [INFO] ThirdParty:967 - CMSIS Pack Vendor :wolfSSL I-CUBE-wolfSSL 5.5.1
2022-11-05 10:03:20,498 [INFO] ThirdParty:967 - CMSIS Pack Vendor :STMicroelectronics USB_DEVICE 3.0.0
2022-11-05 10:03:20,499 [INFO] ThirdParty:967 - CMSIS Pack Vendor :STMicroelectronics HAL Drivers 0.0.0
2022-11-05 10:03:20,499 [INFO] ThirdParty:967 - CMSIS Pack Vendor :STMicroelectronics MBEDTLS 2.16.2
2022-11-05 10:03:20,499 [INFO] ThirdParty:967 - CMSIS Pack Vendor :emotas I-CUBE-CANOPEN 1.1.2
2022-11-05 10:03:20,499 [INFO] ThirdParty:967 - CMSIS Pack Vendor :STMicroelectronics X-CUBE-TOUCHGFX 4.20.0
2022-11-05 10:03:20,499 [INFO] ThirdParty:967 - CMSIS Pack Vendor :STMicroelectronics MBEDTLS 2.14.1
2022-11-05 10:03:20,499 [INFO] ThirdParty:967 - CMSIS Pack Vendor :STMicroelectronics X-CUBE-NFC7 1.0.0
2022-11-05 10:03:20,499 [INFO] ThirdParty:967 - CMSIS Pack Vendor :STMicroelectronics X-CUBE-BLEMGR 1.2.0
2022-11-05 10:03:20,499 [INFO] ThirdParty:967 - CMSIS Pack Vendor :STMicroelectronics X-CUBE-AZRTOS-WL 1.0.0
2022-11-05 10:03:20,499 [INFO] ThirdParty:967 - CMSIS Pack Vendor :STMicroelectronics X-CUBE-AZRTOS-F7 1.1.0
2022-11-05 10:03:20,499 [INFO] ThirdParty:967 - CMSIS Pack Vendor :STMicroelectronics X-CUBE-MEMS1 9.3.0
2022-11-05 10:03:20,499 [INFO] ThirdParty:967 - CMSIS Pack Vendor :portGmbH I-Cube-SoM-uGOAL 1.1.0
2022-11-05 10:03:20,499 [INFO] ThirdParty:967 - CMSIS Pack Vendor :STMicroelectronics X-CUBE-ALS 1.0.1
2022-11-05 10:03:20,499 [INFO] ThirdParty:967 - CMSIS Pack Vendor :STMicroelectronics USB_DEVICE 2.0.0
2022-11-05 10:03:20,500 [INFO] ThirdParty:967 - CMSIS Pack Vendor :STMicroelectronics X-CUBE-AI 7.2.0
2022-11-05 10:03:20,500 [INFO] ThirdParty:967 - CMSIS Pack Vendor :STMicroelectronics X-CUBE-BLE1 6.2.3
2022-11-05 10:03:20,500 [INFO] ThirdParty:967 - CMSIS Pack Vendor :STMicroelectronics X-CUBE-ALGOBUILD 1.3.0
2022-11-05 10:03:20,500 [INFO] ThirdParty:967 - CMSIS Pack Vendor :STMicroelectronics X-CUBE-AZRTOS-L5 1.0.0
2022-11-05 10:03:20,500 [INFO] ThirdParty:967 - CMSIS Pack Vendor :STMicroelectronics FreeRTOS 0.0.1
2022-11-05 10:03:20,500 [INFO] ThirdParty:967 - CMSIS Pack Vendor :STMicroelectronics X-CUBE-AZRTOS-G0 1.1.0
2022-11-05 10:03:20,500 [INFO] ThirdParty:967 - CMSIS Pack Vendor :STMicroelectronics USB_DEVICE 1.0.0
2022-11-05 10:03:20,500 [INFO] ThirdParty:967 - CMSIS Pack Vendor :STMicroelectronics X-CUBE-SUBG2 5.0.0
2022-11-05 10:03:20,500 [INFO] ThirdParty:967 - CMSIS Pack Vendor :SEGGER I-CUBE-embOS 1.2.1
2022-11-05 10:03:20,500 [INFO] ThirdParty:967 - CMSIS Pack Vendor :STMicroelectronics X-CUBE-EEPRMA1 3.1.1
2022-11-05 10:03:20,500 [INFO] ThirdParty:967 - CMSIS Pack Vendor :STMicroelectronics ThreadX 0.0.2
2022-11-05 10:03:20,500 [INFO] ThirdParty:967 - CMSIS Pack Vendor :STMicroelectronics lwIP 2.0.3
2022-11-05 10:03:20,500 [INFO] ThirdParty:967 - CMSIS Pack Vendor :STMicroelectronics lwIP 2.1.2
2022-11-05 10:03:20,500 [INFO] ThirdParty:967 - CMSIS Pack Vendor :STMicroelectronics X-CUBE-SFXS2LP1 4.0.0
2022-11-05 10:03:20,501 [INFO] ThirdParty:967 - CMSIS Pack Vendor :STMicroelectronics X-CUBE-BLE2 3.3.0
2022-11-05 10:03:20,501 [INFO] ThirdParty:967 - CMSIS Pack Vendor :STMicroelectronics X-CUBE-NFC4 2.0.4
2022-11-05 10:03:20,501 [INFO] ThirdParty:967 - CMSIS Pack Vendor :STMicroelectronics USB_HOST 1.0.0
2022-11-05 10:03:20,501 [INFO] ThirdParty:967 - CMSIS Pack Vendor :STMicroelectronics X-CUBE-DISPLAY 2.2.0
2022-11-05 10:03:20,501 [INFO] ThirdParty:967 - CMSIS Pack Vendor :STMicroelectronics X-CUBE-TOF1 3.2.0
2022-11-05 10:03:20,501 [INFO] ThirdParty:967 - CMSIS Pack Vendor :STMicroelectronics PDM2PCM 3.1.0
2022-11-05 10:03:20,501 [INFO] ThirdParty:967 - CMSIS Pack Vendor :STMicroelectronics FP-ATR-ASTRA1 1.1.1
2022-11-05 10:03:20,501 [INFO] ThirdParty:967 - CMSIS Pack Vendor :STMicroelectronics PDM2PCM 3.2.0
2022-11-05 10:03:20,501 [INFO] ThirdParty:967 - CMSIS Pack Vendor :STMicroelectronics PDM2PCM 3.3.0
2022-11-05 10:03:20,501 [INFO] ThirdParty:967 - CMSIS Pack Vendor :STMicroelectronics X-CUBE-ISPU 1.0.0
2022-11-05 10:03:20,501 [INFO] ThirdParty:787 - exiting critical section [change project]
2022-11-05 10:03:20,733 [INFO] PinOutPanel:1463 - setPackage(No Configuration,No Configuration)
2022-11-05 10:03:20,734 [INFO] PinOutPanel:1463 - setPackage(STM32F103C6Ux,UFQFPN48)
2022-11-05 10:03:21,140 [INFO] UtilMem:74 - Before build in PCC Used Memory: 667566728 Bytes (1015021568)
2022-11-05 10:03:21,811 [INFO] UtilMem:74 - After build in PCC Used Memory: 708715520 Bytes (1015021568)
2022-11-05 10:03:21,833 [INFO] IPUIPlugin:74 - create IPUIPlugin
2022-11-05 10:03:21,833 [INFO] IPUIPlugin:74 - create IPUIPlugin
2022-11-05 10:03:21,833 [INFO] IPUIPlugin:74 - create IPUIPlugin
2022-11-05 10:03:21,833 [INFO] IPUIPlugin:74 - create IPUIPlugin
2022-11-05 10:03:21,834 [INFO] IPUIPlugin:74 - create IPUIPlugin
2022-11-05 10:03:21,834 [INFO] IPUIPlugin:74 - create IPUIPlugin
2022-11-05 10:03:21,834 [INFO] IPUIPlugin:74 - create IPUIPlugin
2022-11-05 10:03:21,834 [INFO] IPUIPlugin:74 - create IPUIPlugin
2022-11-05 10:03:21,834 [INFO] IPUIPlugin:74 - create IPUIPlugin
2022-11-05 10:03:21,834 [INFO] IPUIPlugin:74 - create IPUIPlugin
2022-11-05 10:03:21,835 [INFO] IPUIPlugin:74 - create IPUIPlugin
2022-11-05 10:03:21,835 [INFO] IPUIPlugin:74 - create IPUIPlugin
2022-11-05 10:03:21,835 [INFO] IPUIPlugin:74 - create IPUIPlugin
2022-11-05 10:03:21,835 [INFO] IPUIPlugin:74 - create IPUIPlugin
2022-11-05 10:03:21,836 [INFO] IPUIPlugin:74 - create IPUIPlugin
2022-11-05 10:03:21,837 [INFO] IPUIPlugin:74 - create IPUIPlugin
2022-11-05 10:03:21,837 [INFO] IPUIPlugin:74 - create IPUIPlugin
2022-11-05 10:03:21,837 [INFO] IPUIPlugin:74 - create IPUIPlugin
2022-11-05 10:03:21,838 [INFO] IPUIPlugin:74 - create IPUIPlugin
2022-11-05 10:03:21,838 [INFO] IPUIPlugin:74 - create IPUIPlugin
2022-11-05 10:03:21,839 [INFO] IPUIPlugin:74 - create IPUIPlugin
2022-11-05 10:03:21,839 [INFO] IPUIPlugin:74 - create IPUIPlugin
2022-11-05 10:03:21,839 [INFO] IPUIPlugin:74 - create IPUIPlugin
2022-11-05 10:03:21,967 [INFO] OpenFileManager:333 - Restore cursor
2022-11-05 10:03:22,230 [INFO] UtilMem:74 - End SaveConfig() Used Memory: 772152320 Bytes (1015021568)
2022-11-05 10:03:22,290 [INFO] UtilMem:74 - End SaveConfig() Used Memory: 784212992 Bytes (1015021568)
2022-11-05 10:03:22,644 [INFO] BlockDiagram:2740 - set Specific Code input for plugin: NVIC
2022-11-05 10:03:22,644 [INFO] BlockDiagram:2740 - set Specific Code input for plugin: SYS
2022-11-05 10:03:22,644 [INFO] BlockDiagram:2740 - set Specific Code input for plugin: RCC
2022-11-05 10:03:22,645 [INFO] CodeGenerator:663 - code generatio: config db path: D:\STM32\STM32CubeIDE_1.7.0\STM32CubeIDE\plugins\com.st.stm32cube.common.mx_6.3.0.202107141111\\db\
2022-11-05 10:03:22,975 [INFO] CodeEngine:239 - oldGeneratedFile, E:\221\MCU\MCU_Midterm\Midterm\MXTmpFiles\license.tmp_save
2022-11-05 10:03:23,390 [INFO] CodeEngine:257 - Generated code: E:\221\MCU\MCU_Midterm\Midterm\MXTmpFiles\license.tmp
2022-11-05 10:03:23,527 [INFO] CodeEngine:239 - oldGeneratedFile, E:\221\MCU\MCU_Midterm\Midterm\Core\Src\stm32f1xx_it.c_save
2022-11-05 10:03:23,698 [INFO] CodeEngine:257 - Generated code: E:\221\MCU\MCU_Midterm\Midterm\Core\Src\stm32f1xx_it.c
2022-11-05 10:03:23,708 [INFO] CodeEngine:239 - oldGeneratedFile, E:\221\MCU\MCU_Midterm\Midterm\Core\Inc\stm32f1xx_it.h_save
2022-11-05 10:03:23,802 [INFO] CodeEngine:257 - Generated code: E:\221\MCU\MCU_Midterm\Midterm\Core\Inc\stm32f1xx_it.h
2022-11-05 10:03:23,817 [INFO] CodeEngine:239 - oldGeneratedFile, E:\221\MCU\MCU_Midterm\Midterm\Core\Src\stm32f1xx_hal_msp.c_save
2022-11-05 10:03:24,099 [INFO] CodeEngine:257 - Generated code: E:\221\MCU\MCU_Midterm\Midterm\Core\Src\stm32f1xx_hal_msp.c
2022-11-05 10:03:24,107 [INFO] CodeEngine:239 - oldGeneratedFile, E:\221\MCU\MCU_Midterm\Midterm\MXTmpFiles\system.tmp_save
2022-11-05 10:03:24,164 [INFO] CodeEngine:257 - Generated code: E:\221\MCU\MCU_Midterm\Midterm\MXTmpFiles\system.tmp
2022-11-05 10:03:24,178 [INFO] CodeEngine:239 - oldGeneratedFile, E:\221\MCU\MCU_Midterm\Midterm\Core\Inc\stm32f1xx_hal_conf.h_save
2022-11-05 10:03:24,277 [INFO] CodeEngine:257 - Generated code: E:\221\MCU\MCU_Midterm\Midterm\Core\Inc\stm32f1xx_hal_conf.h
2022-11-05 10:03:24,325 [INFO] CodeEngine:239 - oldGeneratedFile, E:\221\MCU\MCU_Midterm\Midterm\Core\Inc\main.h_save
2022-11-05 10:03:24,420 [INFO] CodeEngine:257 - Generated code: E:\221\MCU\MCU_Midterm\Midterm\Core\Inc\main.h
2022-11-05 10:03:24,430 [INFO] CodeEngine:239 - oldGeneratedFile, E:\221\MCU\MCU_Midterm\Midterm\Core\Src\main.c_save
2022-11-05 10:03:24,534 [INFO] CodeEngine:257 - Generated code: E:\221\MCU\MCU_Midterm\Midterm\Core\Src\main.c
2022-11-05 10:03:26,100 [INFO] ProjectBuilder:2578 - Time for Copy HAL[1] : 423mS.
2022-11-05 10:03:26,130 [INFO] ProjectBuilder:3622 - Project Generator version: 3.14.1
2022-11-05 10:03:26,827 [INFO] ConfigFileManager:1271 - The Die is : DIE412
2022-11-05 10:03:26,853 [INFO] ApiDbMcu:468 - Load IP Config File for FATFS
2022-11-05 10:03:26,894 [INFO] ApiDbMcu:468 - Load IP Config File for FREERTOS
2022-11-05 10:03:26,960 [INFO] ApiDbMcu:468 - Load IP Config File for USB_DEVICE
2022-11-05 10:03:34,948 [INFO] ProjectBuilder:3789 - Time for Generating toolchain IDE Files: 8818mS.
2022-11-05 10:03:34,949 [INFO] ProjectBuilder:2457 - Time for Copy CMSIS : 0mS.
2022-11-05 10:03:34,951 [INFO] ProjectBuilder:2457 - Time for Copy CMSIS : 1mS.
2022-11-05 10:03:36,759 [INFO] McuFinderGlobals:52 - Set McuFinderConnectedMode to true
2022-11-05 10:03:36,761 [INFO] ApiDb:276 - Save user favorites file C:\Users\Luong/.stm32cubeide/favorites.mcus.txt: 0 item(s)
2022-11-05 10:03:36,761 [INFO] ApiDb:280 - User favorites MCUs=[]
2022-11-05 10:03:56,628 [INFO] NvicIntPanel:96 - NVIC parent = com.st.microxplorer.plugins.ip.nvic.MultiNvicIntPanel[,0,0,450x135,layout=javax.swing.BoxLayout,alignmentX=0.0,alignmentY=0.0,border=,flags=9,maximumSize=,minimumSize=,preferredSize=]
2022-11-05 10:03:58,212 [INFO] NvicIntPanel:96 - NVIC parent = com.st.microxplorer.plugins.ip.nvic.MultiNvicIntPanel[,0,0,0x0,invalid,layout=javax.swing.BoxLayout,alignmentX=0.0,alignmentY=0.0,border=,flags=9,maximumSize=,minimumSize=,preferredSize=]
2022-11-05 10:04:13,576 [INFO] UtilMem:74 - End SaveConfig() Used Memory: 714348192 Bytes (1073741824)
2022-11-05 10:04:15,680 [INFO] UtilMem:74 - End SaveConfig() Used Memory: 742913784 Bytes (1073741824)
2022-11-05 10:04:16,389 [ERROR] FilesUtils:113 - java.io.FileNotFoundException: C:\Users\Luong\.stmcube\.STM32CUBEMX_PLUGIN6.3.0Repository.ser (Access is denied)
2022-11-05 10:04:18,279 [INFO] UtilMem:74 - End SaveConfig() Used Memory: 636798032 Bytes (1073741824)
2022-11-05 10:04:18,702 [INFO] BlockDiagram:2740 - set Specific Code input for plugin: NVIC
2022-11-05 10:04:18,702 [INFO] BlockDiagram:2740 - set Specific Code input for plugin: SYS
2022-11-05 10:04:18,702 [INFO] BlockDiagram:2740 - set Specific Code input for plugin: RCC
2022-11-05 10:04:18,702 [INFO] BlockDiagram:2740 - set Specific Code input for plugin: TIM1_8F1
2022-11-05 10:04:18,703 [INFO] CodeGenerator:663 - code generatio: config db path: D:\STM32\STM32CubeIDE_1.7.0\STM32CubeIDE\plugins\com.st.stm32cube.common.mx_6.3.0.202107141111\\db\
2022-11-05 10:04:19,045 [INFO] CodeEngine:239 - oldGeneratedFile, E:\221\MCU\MCU_Midterm\Midterm\MXTmpFiles\license.tmp_save
2022-11-05 10:04:19,109 [INFO] CodeEngine:257 - Generated code: E:\221\MCU\MCU_Midterm\Midterm\MXTmpFiles\license.tmp
2022-11-05 10:04:19,250 [INFO] CodeEngine:239 - oldGeneratedFile, E:\221\MCU\MCU_Midterm\Midterm\Core\Src\stm32f1xx_it.c_save
2022-11-05 10:04:19,369 [INFO] CodeEngine:257 - Generated code: E:\221\MCU\MCU_Midterm\Midterm\Core\Src\stm32f1xx_it.c
2022-11-05 10:04:19,374 [INFO] CodeEngine:239 - oldGeneratedFile, E:\221\MCU\MCU_Midterm\Midterm\Core\Inc\stm32f1xx_it.h_save
2022-11-05 10:04:19,469 [INFO] CodeEngine:257 - Generated code: E:\221\MCU\MCU_Midterm\Midterm\Core\Inc\stm32f1xx_it.h
2022-11-05 10:04:19,486 [INFO] CodeEngine:239 - oldGeneratedFile, E:\221\MCU\MCU_Midterm\Midterm\Core\Src\stm32f1xx_hal_msp.c_save
2022-11-05 10:04:19,624 [INFO] CodeEngine:257 - Generated code: E:\221\MCU\MCU_Midterm\Midterm\Core\Src\stm32f1xx_hal_msp.c
2022-11-05 10:04:19,627 [INFO] CodeEngine:239 - oldGeneratedFile, E:\221\MCU\MCU_Midterm\Midterm\MXTmpFiles\system.tmp_save
2022-11-05 10:04:19,682 [INFO] CodeEngine:257 - Generated code: E:\221\MCU\MCU_Midterm\Midterm\MXTmpFiles\system.tmp
2022-11-05 10:04:19,695 [INFO] CodeEngine:239 - oldGeneratedFile, E:\221\MCU\MCU_Midterm\Midterm\Core\Inc\stm32f1xx_hal_conf.h_save
2022-11-05 10:04:19,897 [INFO] CodeEngine:257 - Generated code: E:\221\MCU\MCU_Midterm\Midterm\Core\Inc\stm32f1xx_hal_conf.h
2022-11-05 10:04:19,915 [WARN] IPConfigManager:3148 - IP not found : TIM
2022-11-05 10:04:19,916 [WARN] CodeGenerator:3268 - IP not found : null
2022-11-05 10:04:19,929 [INFO] CodeEngine:239 - oldGeneratedFile, E:\221\MCU\MCU_Midterm\Midterm\Core\Inc\main.h_save
2022-11-05 10:04:20,012 [INFO] CodeEngine:257 - Generated code: E:\221\MCU\MCU_Midterm\Midterm\Core\Inc\main.h
2022-11-05 10:04:20,021 [INFO] CodeEngine:239 - oldGeneratedFile, E:\221\MCU\MCU_Midterm\Midterm\Core\Src\main.c_save
2022-11-05 10:04:20,156 [INFO] CodeEngine:257 - Generated code: E:\221\MCU\MCU_Midterm\Midterm\Core\Src\main.c
2022-11-05 10:04:21,433 [INFO] ProjectBuilder:2578 - Time for Copy HAL[1] : 178mS.
2022-11-05 10:04:21,437 [INFO] ProjectBuilder:3622 - Project Generator version: 3.14.1
2022-11-05 10:04:22,104 [INFO] ConfigFileManager:1271 - The Die is : DIE412
2022-11-05 10:04:25,036 [INFO] ProjectBuilder:3789 - Time for Generating toolchain IDE Files: 3599mS.
2022-11-05 10:04:25,037 [INFO] ProjectBuilder:2457 - Time for Copy CMSIS : 0mS.
2022-11-05 10:04:25,039 [INFO] ProjectBuilder:2457 - Time for Copy CMSIS : 0mS.
2022-11-05 10:18:13,579 [INFO] Gpio:254 - dependency for GPIO []
2022-11-05 10:18:41,928 [INFO] UtilMem:74 - End SaveConfig() Used Memory: 812961680 Bytes (1073741824)
2022-11-05 10:18:44,132 [INFO] UtilMem:74 - End SaveConfig() Used Memory: 860774424 Bytes (1073741824)
2022-11-05 10:18:45,515 [INFO] UtilMem:74 - End SaveConfig() Used Memory: 926773984 Bytes (1073741824)
2022-11-05 10:18:45,894 [INFO] BlockDiagram:2740 - set Specific Code input for plugin: NVIC
2022-11-05 10:18:45,894 [INFO] BlockDiagram:2740 - set Specific Code input for plugin: SYS
2022-11-05 10:18:45,894 [INFO] BlockDiagram:2740 - set Specific Code input for plugin: GPIO
2022-11-05 10:18:45,894 [INFO] BlockDiagram:2740 - set Specific Code input for plugin: RCC
2022-11-05 10:18:45,894 [INFO] BlockDiagram:2740 - set Specific Code input for plugin: TIM1_8F1
2022-11-05 10:18:45,895 [INFO] CodeGenerator:663 - code generatio: config db path: D:\STM32\STM32CubeIDE_1.7.0\STM32CubeIDE\plugins\com.st.stm32cube.common.mx_6.3.0.202107141111\\db\
2022-11-05 10:18:46,254 [INFO] CodeEngine:239 - oldGeneratedFile, E:\221\MCU\MCU_Midterm\Midterm\MXTmpFiles\license.tmp_save
2022-11-05 10:18:46,326 [INFO] CodeEngine:257 - Generated code: E:\221\MCU\MCU_Midterm\Midterm\MXTmpFiles\license.tmp
2022-11-05 10:18:46,398 [INFO] CodeEngine:239 - oldGeneratedFile, E:\221\MCU\MCU_Midterm\Midterm\MXTmpFiles\gpio.tmp_save
2022-11-05 10:18:46,478 [INFO] CodeEngine:257 - Generated code: E:\221\MCU\MCU_Midterm\Midterm\MXTmpFiles\gpio.tmp
2022-11-05 10:18:46,572 [INFO] CodeEngine:239 - oldGeneratedFile, E:\221\MCU\MCU_Midterm\Midterm\Core\Src\stm32f1xx_it.c_save
2022-11-05 10:18:46,666 [INFO] CodeEngine:257 - Generated code: E:\221\MCU\MCU_Midterm\Midterm\Core\Src\stm32f1xx_it.c
2022-11-05 10:18:46,670 [INFO] CodeEngine:239 - oldGeneratedFile, E:\221\MCU\MCU_Midterm\Midterm\Core\Inc\stm32f1xx_it.h_save
2022-11-05 10:18:46,747 [INFO] CodeEngine:257 - Generated code: E:\221\MCU\MCU_Midterm\Midterm\Core\Inc\stm32f1xx_it.h
2022-11-05 10:18:46,763 [INFO] CodeEngine:239 - oldGeneratedFile, E:\221\MCU\MCU_Midterm\Midterm\Core\Src\stm32f1xx_hal_msp.c_save
2022-11-05 10:18:46,979 [INFO] CodeEngine:257 - Generated code: E:\221\MCU\MCU_Midterm\Midterm\Core\Src\stm32f1xx_hal_msp.c
2022-11-05 10:18:46,982 [INFO] CodeEngine:239 - oldGeneratedFile, E:\221\MCU\MCU_Midterm\Midterm\MXTmpFiles\system.tmp_save
2022-11-05 10:18:47,037 [INFO] CodeEngine:257 - Generated code: E:\221\MCU\MCU_Midterm\Midterm\MXTmpFiles\system.tmp
2022-11-05 10:18:47,051 [INFO] CodeEngine:239 - oldGeneratedFile, E:\221\MCU\MCU_Midterm\Midterm\Core\Inc\stm32f1xx_hal_conf.h_save
2022-11-05 10:18:47,171 [INFO] CodeEngine:257 - Generated code: E:\221\MCU\MCU_Midterm\Midterm\Core\Inc\stm32f1xx_hal_conf.h
2022-11-05 10:18:47,190 [WARN] IPConfigManager:3148 - IP not found : TIM
2022-11-05 10:18:47,191 [WARN] CodeGenerator:3268 - IP not found : null
2022-11-05 10:18:47,205 [INFO] CodeEngine:239 - oldGeneratedFile, E:\221\MCU\MCU_Midterm\Midterm\Core\Inc\main.h_save
2022-11-05 10:18:47,297 [INFO] CodeEngine:257 - Generated code: E:\221\MCU\MCU_Midterm\Midterm\Core\Inc\main.h
2022-11-05 10:18:47,305 [INFO] CodeEngine:239 - oldGeneratedFile, E:\221\MCU\MCU_Midterm\Midterm\Core\Src\main.c_save
2022-11-05 10:18:47,419 [INFO] CodeEngine:257 - Generated code: E:\221\MCU\MCU_Midterm\Midterm\Core\Src\main.c
2022-11-05 10:18:48,530 [INFO] ProjectBuilder:2578 - Time for Copy HAL[1] : 161mS.
2022-11-05 10:18:48,656 [INFO] ProjectBuilder:3622 - Project Generator version: 3.14.1
2022-11-05 10:18:49,370 [INFO] ConfigFileManager:1271 - The Die is : DIE412
2022-11-05 10:18:51,645 [INFO] ProjectBuilder:3789 - Time for Generating toolchain IDE Files: 2989mS.
2022-11-05 10:18:51,646 [INFO] ProjectBuilder:2457 - Time for Copy CMSIS : 0mS.
2022-11-05 10:18:51,647 [INFO] ProjectBuilder:2457 - Time for Copy CMSIS : 0mS.
2022-11-05 20:19:24,556 [INFO] Activator:177 - 


2022-11-05 20:19:24,556 [INFO] Activator:178 - !SESSION log4j initialized
2022-11-05 22:06:58,513 [INFO] Activator:177 - 


2022-11-05 22:06:58,513 [INFO] Activator:178 - !SESSION log4j initialized
